<?xml version="1.0" encoding="UTF-8"?>
<!-- Generated by org.testng.reporters.JUnitReportReporter -->
<testsuite skipped="2" hostname="DESKTOP-2ONA81G" name="AndroidAppiumPackage.SauceLabEcommerceApp" tests="3" failures="0" timestamp="25 Aug 2021 00:28:45 GMT" time="24.339" errors="0">
  <testcase name="ecommerce_TC3_purchase_chkout_validations" time="24.339" classname="AndroidAppiumPackage.SauceLabEcommerceApp"/>
  <testcase name="ecommerce_TC1_purchaseFlow" classname="AndroidAppiumPackage.SauceLabEcommerceApp">
    <skipped/>
  </testcase> <!-- ecommerce_TC1_purchaseFlow -->
  <testcase name="ecommerce_TC2_purchase_with_No_Item" classname="AndroidAppiumPackage.SauceLabEcommerceApp">
    <skipped/>
  </testcase> <!-- ecommerce_TC2_purchase_with_No_Item -->
</testsuite> <!-- AndroidAppiumPackage.SauceLabEcommerceApp -->
