<?xml version="1.0" encoding="UTF-8"?>
<!-- Generated by org.testng.reporters.JUnitReportReporter -->
<testsuite skipped="0" hostname="DESKTOP-2ONA81G" name="AndroidAppiumPackage.SauceLabAppium" tests="3" failures="0" timestamp="25 Aug 2021 10:45:44 GMT" time="192.453" errors="0">
  <testcase name="purchase_with_No_Item" time="35.386" classname="AndroidAppiumPackage.SauceLabAppium"/>
  <testcase name="purchase_chkout_validations" time="66.456" classname="AndroidAppiumPackage.SauceLabAppium"/>
  <testcase name="purchaseFlow" time="90.611" classname="AndroidAppiumPackage.SauceLabAppium"/>
</testsuite> <!-- AndroidAppiumPackage.SauceLabAppium -->
